<?xml version="1.0" encoding="UTF-8"?>
<testng-results ignored="8" total="12" passed="3" failed="1" skipped="0">
  <reporter-output>
  </reporter-output>
  <suite started-at="2022-11-26T21:39:53 COT" name="Command line suite" finished-at="2022-11-26T21:40:21 COT" duration-ms="27247">
    <groups>
    </groups>
    <test started-at="2022-11-26T21:39:53 COT" name="Command line test" finished-at="2022-11-26T21:40:21 COT" duration-ms="27247">
      <class name="org.bank.test.EmptyEndpointTest">
        <test-method signature="emptyEndpointTest()[pri:0, instance:org.bank.test.EmptyEndpointTest@6adbc9d]" started-at="2022-11-26T21:39:56 COT" name="emptyEndpointTest" finished-at="2022-11-26T21:40:16 COT" duration-ms="19951" status="FAIL">
          <exception class="io.restassured.path.json.exception.JsonPathException">
            <message>
              <![CDATA[Failed to parse the JSON document]]>
            </message>
            <full-stacktrace>
              <![CDATA[io.restassured.path.json.exception.JsonPathException: Failed to parse the JSON document
at io.restassured.path.json.JsonPath$ExceptionCatcher.invoke(JsonPath.java:1002)
at io.restassured.path.json.JsonPath$4.doParseWith(JsonPath.java:967)
at io.restassured.path.json.JsonPath$JsonParser.parseWith(JsonPath.java:1047)
at io.restassured.path.json.JsonPath.get(JsonPath.java:202)
at io.restassured.path.json.JsonPath.getList(JsonPath.java:391)
at org.bank.test.BaseTest.getAllUsers(BaseTest.java:72)
at org.bank.test.BaseTest.emptyTheEndpoint(BaseTest.java:86)
at org.bank.test.EmptyEndpointTest.emptyEndpointTest(EmptyEndpointTest.java:17)
at java.base/jdk.internal.reflect.NativeMethodAccessorImpl.invoke0(Native Method)
at java.base/jdk.internal.reflect.NativeMethodAccessorImpl.invoke(NativeMethodAccessorImpl.java:62)
at java.base/jdk.internal.reflect.DelegatingMethodAccessorImpl.invoke(DelegatingMethodAccessorImpl.java:43)
at java.base/java.lang.reflect.Method.invoke(Method.java:566)
at org.testng.internal.MethodInvocationHelper.invokeMethod(MethodInvocationHelper.java:133)
at org.testng.internal.TestInvoker.invokeMethod(TestInvoker.java:598)
at org.testng.internal.TestInvoker.invokeTestMethod(TestInvoker.java:173)
at org.testng.internal.MethodRunner.runInSequence(MethodRunner.java:46)
at org.testng.internal.TestInvoker$MethodInvocationAgent.invoke(TestInvoker.java:824)
at org.testng.internal.TestInvoker.invokeTestMethods(TestInvoker.java:146)
at org.testng.internal.TestMethodWorker.invokeTestMethods(TestMethodWorker.java:146)
at org.testng.internal.TestMethodWorker.run(TestMethodWorker.java:128)
at java.base/java.util.ArrayList.forEach(ArrayList.java:1541)
at org.testng.TestRunner.privateRun(TestRunner.java:794)
at org.testng.TestRunner.run(TestRunner.java:596)
at org.testng.SuiteRunner.runTest(SuiteRunner.java:377)
at org.testng.SuiteRunner.runSequentially(SuiteRunner.java:371)
at org.testng.SuiteRunner.privateRun(SuiteRunner.java:332)
at org.testng.SuiteRunner.run(SuiteRunner.java:276)
at org.testng.SuiteRunnerWorker.runSuite(SuiteRunnerWorker.java:53)
at org.testng.SuiteRunnerWorker.run(SuiteRunnerWorker.java:96)
at org.testng.TestNG.runSuitesSequentially(TestNG.java:1212)
at org.testng.TestNG.runSuitesLocally(TestNG.java:1134)
at org.testng.TestNG.runSuites(TestNG.java:1063)
at org.testng.TestNG.run(TestNG.java:1031)
at org.apache.maven.surefire.testng.TestNGExecutor.run(TestNGExecutor.java:77)
at org.apache.maven.surefire.testng.TestNGDirectoryTestSuite.executeMulti(TestNGDirectoryTestSuite.java:159)
at org.apache.maven.surefire.testng.TestNGDirectoryTestSuite.execute(TestNGDirectoryTestSuite.java:99)
at org.apache.maven.surefire.testng.TestNGProvider.invoke(TestNGProvider.java:106)
at java.base/jdk.internal.reflect.NativeMethodAccessorImpl.invoke0(Native Method)
at java.base/jdk.internal.reflect.NativeMethodAccessorImpl.invoke(NativeMethodAccessorImpl.java:62)
at java.base/jdk.internal.reflect.DelegatingMethodAccessorImpl.invoke(DelegatingMethodAccessorImpl.java:43)
at java.base/java.lang.reflect.Method.invoke(Method.java:566)
at org.apache.maven.surefire.util.ReflectionUtils.invokeMethodWithArray(ReflectionUtils.java:189)
at org.apache.maven.surefire.booter.ProviderFactory$ProviderProxy.invoke(ProviderFactory.java:165)
at org.apache.maven.surefire.booter.ProviderFactory.invokeProvider(ProviderFactory.java:85)
at org.apache.maven.surefire.booter.ForkedBooter.runSuitesInProcess(ForkedBooter.java:115)
at org.apache.maven.surefire.booter.ForkedBooter.main(ForkedBooter.java:75)
Caused by: groovy.json.JsonException: Lexing failed on line: 1, column: 1, while reading 'O', no possible valid JSON value or punctuation could be recognized.
at groovy.json.JsonLexer.nextToken(JsonLexer.java:86)
at groovy.json.JsonLexer$nextToken.call(Unknown Source)
at io.restassured.internal.path.json.ConfigurableJsonSlurper.parse(ConfigurableJsonSlurper.groovy:97)
at io.restassured.internal.path.json.ConfigurableJsonSlurper$parse.callCurrent(Unknown Source)
at io.restassured.internal.path.json.ConfigurableJsonSlurper.parseText(ConfigurableJsonSlurper.groovy:83)
at io.restassured.path.json.JsonPath$4$1.method(JsonPath.java:965)
at io.restassured.path.json.JsonPath$ExceptionCatcher.invoke(JsonPath.java:1000)
... 45 more
]]>
            </full-stacktrace>
          </exception> <!-- io.restassured.path.json.exception.JsonPathException -->
          <reporter-output>
          </reporter-output>
        </test-method> <!-- emptyEndpointTest -->
      </class> <!-- org.bank.test.EmptyEndpointTest -->
      <class name="org.bank.test.DuplicateEmailAccountsTest">
        <test-method signature="avoidDuplicateEmailsTest()[pri:0, instance:org.bank.test.DuplicateEmailAccountsTest@c8c12ac]" started-at="2022-11-26T21:39:54 COT" name="avoidDuplicateEmailsTest" finished-at="2022-11-26T21:39:56 COT" duration-ms="1718" status="PASS">
          <reporter-output>
          </reporter-output>
        </test-method> <!-- avoidDuplicateEmailsTest -->
      </class> <!-- org.bank.test.DuplicateEmailAccountsTest -->
      <class name="org.bank.test.PostUsersTest">
        <test-method signature="createTenUsersTest()[pri:0, instance:org.bank.test.PostUsersTest@4550bb58]" started-at="2022-11-26T21:40:16 COT" name="createTenUsersTest" finished-at="2022-11-26T21:40:20 COT" duration-ms="4107" status="PASS">
          <reporter-output>
          </reporter-output>
        </test-method> <!-- createTenUsersTest -->
      </class> <!-- org.bank.test.PostUsersTest -->
      <class name="org.bank.test.BaseTest">
        <test-method is-config="true" signature="setup()[pri:0, instance:org.bank.test.BaseTest@564fabc8]" started-at="2022-11-26T21:39:53 COT" name="setup" finished-at="2022-11-26T21:39:54 COT" duration-ms="422" status="PASS">
          <reporter-output>
          </reporter-output>
        </test-method> <!-- setup -->
        <test-method is-config="true" signature="afterTest()[pri:0, instance:org.bank.test.BaseTest@564fabc8]" started-at="2022-11-26T21:40:21 COT" name="afterTest" finished-at="2022-11-26T21:40:21 COT" duration-ms="0" status="PASS">
          <reporter-output>
          </reporter-output>
        </test-method> <!-- afterTest -->
      </class> <!-- org.bank.test.BaseTest -->
      <class name="org.bank.test.UpdateAccountNumberTest">
        <test-method signature="updateUserAccountNumberTest()[pri:0, instance:org.bank.test.UpdateAccountNumberTest@4ec4f3a0]" started-at="2022-11-26T21:40:20 COT" name="updateUserAccountNumberTest" finished-at="2022-11-26T21:40:21 COT" duration-ms="1021" status="PASS">
          <reporter-output>
          </reporter-output>
        </test-method> <!-- updateUserAccountNumberTest -->
      </class> <!-- org.bank.test.UpdateAccountNumberTest -->
    </test> <!-- Command line test -->
  </suite> <!-- Command line suite -->
</testng-results>
